<?xml version="1.0" encoding="UTF-8"?>
<!-- Generated by org.testng.reporters.JUnitReportReporter -->
<testsuite skipped="0" hostname="Blackpearl" name="RestAssuredTests.RestAssuredClass" tests="3" failures="0" timestamp="2023-11-07T09:10:30 IST" time="16.420" errors="0">
  <testcase name="postMethod" time="8.614" classname="RestAssuredTests.RestAssuredClass"/>
  <system-out/>
  <testcase name="putMethod" time="2.564" classname="RestAssuredTests.RestAssuredClass"/>
  <system-out/>
  <testcase name="getMethod" time="5.242" classname="RestAssuredTests.RestAssuredClass"/>
  <system-out/>
</testsuite> <!-- RestAssuredTests.RestAssuredClass -->
