<?xml version="1.0" encoding="UTF-8"?>
<!-- Generated by org.testng.reporters.JUnitReportReporter -->
<testsuite skipped="0" hostname="Blackpearl" name="RestAssuredTests.getMethod" tests="1" failures="0" timestamp="2024-02-29T08:49:04 IST" time="6.353" errors="0">
  <testcase name="testPutMethod" time="6.353" classname="RestAssuredTests.getMethod"/>
  <system-out/>
</testsuite> <!-- RestAssuredTests.getMethod -->
