<?xml version="1.0" encoding="UTF-8"?>
<!-- Generated by org.testng.reporters.JUnitReportReporter -->
<testsuite skipped="0" hostname="Blackpearl" name="tests.RegisterTests" tests="1" failures="0" timestamp="2024-03-27T08:41:29 IST" time="13.817" errors="0">
  <testcase name="registerTest" time="13.817" classname="tests.RegisterTests"/>
  <system-out/>
</testsuite> <!-- tests.RegisterTests -->
