<?xml version="1.0" encoding="UTF-8"?>
<!-- Generated by org.testng.reporters.JUnitReportReporter -->
<testsuite skipped="0" hostname="Blackpearl" name="RestTests" tests="1" failures="0" timestamp="2023-12-30T09:21:52 IST" time="4.936" errors="0">
  <testcase name="postMethod" time="4.936" classname="RestTests"/>
  <system-out/>
</testsuite> <!-- RestTests -->
