<?xml version="1.0" encoding="UTF-8"?>
<!-- Generated by org.testng.reporters.JUnitReportReporter -->
<testsuite skipped="0" hostname="Blackpearl" name="SeleniumTest" tests="1" failures="0" timestamp="2023-10-26T08:40:55 IST" time="22.998" errors="0">
  <testcase name="register" time="22.998" classname="SeleniumTest"/>
  <system-out/>
</testsuite> <!-- SeleniumTest -->
